Base path: 'C:/Program Files/UnityEditors/2019.3.15f1/Editor/Data', plugins path 'C:/Program Files/UnityEditors/2019.3.15f1/Editor/Data/PlaybackEngines'
Cmd: initializeCompiler
Cmd: compileComputeKernel
  api=4 insize=9809 outsize=4098 ok=1
Cmd: compileComputeKernel
  api=4 insize=4823 outsize=3427 ok=1
Cmd: compileComputeKernel
  api=4 insize=2617 outsize=869 ok=1
Cmd: compileComputeKernel
  api=4 insize=14139 outsize=1100 ok=1
Cmd: compileComputeKernel
  api=4 insize=11086 outsize=4877 ok=1
Cmd: compileComputeKernel
  api=4 insize=40264 outsize=35783 ok=1
Cmd: compileComputeKernel
  api=4 insize=40264 outsize=1522 ok=1
Cmd: compileComputeKernel
  api=4 insize=40264 outsize=1522 ok=1
Cmd: compileComputeKernel
  api=4 insize=8511 outsize=6716 ok=1
Cmd: compileComputeKernel
  api=4 insize=22295 outsize=15432 ok=1
Cmd: compileComputeKernel
  api=4 insize=22339 outsize=1133 ok=1
Cmd: compileComputeKernel
  api=4 insize=6119 outsize=2451 ok=1
Cmd: compileComputeKernel
  api=4 insize=6745 outsize=2822 ok=1
Cmd: compileComputeKernel
  api=4 insize=9103 outsize=4225 ok=1
Cmd: compileComputeKernel
  api=4 insize=26542 outsize=15377 ok=1
Cmd: compileComputeKernel
  api=4 insize=16295 outsize=98481 ok=1
Cmd: compileComputeKernel
  api=4 insize=16295 outsize=50487 ok=1
Cmd: compileComputeKernel
  api=4 insize=16295 outsize=40379 ok=1
Cmd: compileComputeKernel
  api=4 insize=7589 outsize=1322 ok=1
Cmd: compileSnippet
  api=4 type=1 insize=141365 outsize=278 kw=UNITY_PASS_SHADOWCASTER SHADOWS_DEPTH pd=UNITY_ENABLE_REFLECTION_BUFFERS UNITY_USE_DITHER_MASK_FOR_ALPHABLENDED_SHADOWS UNITY_PBS_USE_BRDF1 UNITY_SPECCUBE_BOX_PROJECTION UNITY_SPECCUBE_BLENDING UNITY_ENABLE_DETAIL_NORMALMAP SHADER_API_DESKTOP UNITY_LIGHT_PROBE_PROXY_VOLUME UNITY_LIGHTMAP_FULL_HDR ok=1
Cmd: compileSnippet
  api=4 type=1 insize=1302 outsize=218 kw=UNITY_PASS_SHADOWCASTER SHADOWS_DEPTH pd=UNITY_ENABLE_REFLECTION_BUFFERS UNITY_USE_DITHER_MASK_FOR_ALPHABLENDED_SHADOWS UNITY_PBS_USE_BRDF1 UNITY_SPECCUBE_BOX_PROJECTION UNITY_SPECCUBE_BLENDING UNITY_ENABLE_DETAIL_NORMALMAP SHADER_API_DESKTOP UNITY_LIGHT_PROBE_PROXY_VOLUME UNITY_LIGHTMAP_FULL_HDR ok=1
Cmd: compileSnippet
  api=4 type=0 insize=316957 outsize=1722 kw=UNITY_PASS_FORWARDBASE DIRECTIONAL SHADOWS_SCREEN LIGHTPROBE_SH pd=UNITY_ENABLE_REFLECTION_BUFFERS UNITY_USE_DITHER_MASK_FOR_ALPHABLENDED_SHADOWS UNITY_PBS_USE_BRDF1 UNITY_SPECCUBE_BOX_PROJECTION UNITY_SPECCUBE_BLENDING UNITY_ENABLE_DETAIL_NORMALMAP SHADER_API_DESKTOP UNITY_LIGHT_PROBE_PROXY_VOLUME UNITY_LIGHTMAP_FULL_HDR ok=1
Cmd: compileSnippet
  api=4 type=1 insize=7443 outsize=142 kw= pd=UNITY_ENABLE_REFLECTION_BUFFERS UNITY_USE_DITHER_MASK_FOR_ALPHABLENDED_SHADOWS UNITY_PBS_USE_BRDF1 UNITY_SPECCUBE_BOX_PROJECTION UNITY_SPECCUBE_BLENDING UNITY_ENABLE_DETAIL_NORMALMAP SHADER_API_DESKTOP UNITY_LIGHT_PROBE_PROXY_VOLUME UNITY_LIGHTMAP_FULL_HDR ok=1
